0.037402 0.333752 0.049057 -1.074357 0.572379 -0.065095 0.091161 -0.071929 0.000000 22.868813 -1.184745
0.037402 0.415993 0.009094 -0.547398 0.572379 -0.072605 1.017089 -0.071929 0.000000 28.729458 -1.184745
0.037402 0.390547 0.043900 -0.187713 0.572379 -0.072605 1.126030 -0.054376 0.000000 22.768776 -1.184745
0.067890 0.415993 0.006741 -0.187713 0.491267 -0.065095 1.704784 -0.071929 0.000000 28.729458 4.177060
0.037402 0.415993 0.006741 -1.074357 0.420847 -0.072605 1.126030 -0.071929 0.000000 21.959829 5.908999
0.037402 0.415993 0.006741 -1.074357 0.420847 -0.065095 1.017089 -0.065221 0.000000 21.959829 -0.149646
0.037402 0.415993 0.006741 -1.074357 0.572379 -0.072605 1.017089 -0.071929 0.000000 22.868813 -5.891533
0.037402 0.415993 0.006741 -0.080968 0.572379 -0.072605 1.126030 -0.071929 0.000000 28.729458 5.908999
0.067890 0.415993 0.006741 -1.167057 0.572379 -0.072605 1.126030 -0.071929 0.000000 21.959829 5.908999
0.037402 0.483520 0.006741 -1.167057 0.572379 -0.065095 0.435196 -0.065221 0.000000 20.325262 -1.184745
0.067890 0.415993 0.027931 -1.074357 0.491267 -0.072605 1.017089 -0.071929 0.000000 20.325262 5.908999
0.037402 0.483520 0.027931 -1.167057 0.572379 -0.065095 1.017089 -0.065221 0.000000 28.971103 -0.149646
0.067890 0.415993 0.027931 -0.187713 0.572379 -0.065095 1.017089 -0.065221 0.000000 28.971103 -0.149646
0.067890 0.415993 0.009094 -1.167057 0.572379 -0.065095 1.017089 -0.065221 0.000000 28.729458 -5.891533
0.037402 0.415993 0.006741 -1.167057 0.491267 -0.065095 1.416645 -0.065221 0.000000 28.729458 -1.184745
0.037402 0.333752 0.006741 -0.187713 0.572379 -0.065095 0.091161 -0.065221 0.000000 22.768776 -8.692873
0.037402 0.333752 0.006741 -0.187713 0.491267 -0.072605 1.017089 -0.065221 0.000000 20.325262 -1.184745
0.037402 0.333752 0.009094 -0.187713 0.572379 -0.072605 1.017089 -0.065221 0.000000 21.959829 -1.184745
0.037402 0.333752 0.009094 -0.187713 0.572379 -0.072605 1.017089 -0.065221 0.000000 20.325262 -1.184745
0.037402 0.333752 0.009094 -0.187713 0.572379 -0.072605 1.416645 -0.065221 0.000000 20.325262 -1.184745
